<?xml version="1.0" encoding="UTF-8"?>
<!-- Generated by org.testng.reporters.JUnitXMLReporter -->
<testsuite ignored="2" hostname="DESKTOP-C6N3TPU" failures="0" tests="1" name="Default test" time="2.734" errors="0" timestamp="2025-09-03T16:09:35 IST">
  <testcase classname="A0501ParsingJSONResponseData.ParsingXMLResponse" name="testXMLResponseBodyData" time="2.668"/>
  <testcase classname="A0501ParsingJSONResponseData.ParsingXMLResponse" name="testXMLResponse" time="0.0">
    <ignored/>
  </testcase> <!-- testXMLResponse -->
  <testcase classname="A0501ParsingJSONResponseData.ParsingXMLResponse" name="testXMLResponseBody" time="0.0">
    <ignored/>
  </testcase> <!-- testXMLResponseBody -->
</testsuite> <!-- Default test -->
