<?xml version="1.0" encoding="UTF-8"?>
<!-- Generated by org.testng.reporters.JUnitXMLReporter -->
<testsuite ignored="1" hostname="DESKTOP-C6N3TPU" failures="0" tests="1" name="Default test" time="0.837" errors="0" timestamp="2025-09-17T18:21:21 IST">
  <testcase classname="A0602.SerializationDeserialization" name="convertJSON2JavaObject" time="0.691"/>
  <testcase classname="A0602.SerializationDeserialization" name="convertPojo2JSON" time="0.0">
    <ignored/>
  </testcase> <!-- convertPojo2JSON -->
</testsuite> <!-- Default test -->
