<?xml version="1.0" encoding="UTF-8"?>
<testng-results ignored="0" total="1" passed="1" failed="0" skipped="0">
  <reporter-output>
  </reporter-output>
  <suite started-at="2025-09-02T18:58:09 IST" name="Default suite" finished-at="2025-09-02T18:58:12 IST" duration-ms="2844">
    <groups>
    </groups>
    <test started-at="2025-09-02T18:58:09 IST" name="Default test" finished-at="2025-09-02T18:58:12 IST" duration-ms="2844">
      <class name="A0501ParsingJSONResponseData.ParsingXMLResponse">
        <test-method signature="testXMLResponseBody()[pri:0, instance:A0501ParsingJSONResponseData.ParsingXMLResponse@399f45b1]" started-at="2025-09-02T18:58:09 IST" name="testXMLResponseBody" finished-at="2025-09-02T18:58:12 IST" duration-ms="2793" status="PASS">
          <reporter-output>
          </reporter-output>
        </test-method> <!-- testXMLResponseBody -->
      </class> <!-- A0501ParsingJSONResponseData.ParsingXMLResponse -->
    </test> <!-- Default test -->
  </suite> <!-- Default suite -->
</testng-results>
