<?xml version="1.0" encoding="UTF-8"?>
<testng-results ignored="0" total="4" passed="4" failed="0" skipped="0">
  <reporter-output>
  </reporter-output>
  <suite started-at="2025-08-20T17:56:15 IST" name="Default suite" finished-at="2025-08-20T17:56:20 IST" duration-ms="5103">
    <groups>
    </groups>
    <test started-at="2025-08-20T17:56:15 IST" name="Default test" finished-at="2025-08-20T17:56:20 IST" duration-ms="5103">
      <class name="A01.Basic.HTTPRequest">
        <test-method signature="getUsers()[pri:1, instance:A01.Basic.HTTPRequest@72d1ad2e]" started-at="2025-08-20T17:56:15 IST" name="getUsers" finished-at="2025-08-20T17:56:18 IST" duration-ms="3424" status="PASS">
          <reporter-output>
          </reporter-output>
        </test-method> <!-- getUsers -->
        <test-method signature="postUserDetail()[pri:2, instance:A01.Basic.HTTPRequest@72d1ad2e]" started-at="2025-08-20T17:56:18 IST" name="postUserDetail" finished-at="2025-08-20T17:56:19 IST" duration-ms="826" status="PASS">
          <reporter-output>
          </reporter-output>
        </test-method> <!-- postUserDetail -->
        <test-method signature="updateUserDetails()[pri:3, instance:A01.Basic.HTTPRequest@72d1ad2e]" started-at="2025-08-20T17:56:19 IST" name="updateUserDetails" finished-at="2025-08-20T17:56:20 IST" depends-on-methods="A01.Basic.HTTPRequest.postUserDetail" duration-ms="432" status="PASS">
          <reporter-output>
          </reporter-output>
        </test-method> <!-- updateUserDetails -->
        <test-method signature="deleteRequest()[pri:4, instance:A01.Basic.HTTPRequest@72d1ad2e]" started-at="2025-08-20T17:56:20 IST" name="deleteRequest" finished-at="2025-08-20T17:56:20 IST" depends-on-methods="A01.Basic.HTTPRequest.postUserDetail" duration-ms="347" status="PASS">
          <reporter-output>
          </reporter-output>
        </test-method> <!-- deleteRequest -->
      </class> <!-- A01.Basic.HTTPRequest -->
    </test> <!-- Default test -->
  </suite> <!-- Default suite -->
</testng-results>
